This is pdfTeX, Version 3.14159265-2.6-1.40.17 (TeX Live 2016) (preloaded format=pdflatex 2016.5.22)  14 FEB 2017 15:20
entering extended mode
 restricted \write18 enabled.
 file:line:error style messages enabled.
 %&-line parsing enabled.
**Anthro.tex
(./Anthro.tex
LaTeX2e <2016/03/31>
Babel <3.9r> and hyphenation patterns for 83 language(s) loaded.
(/usr/local/texlive/2016/texmf-dist/tex/latex/base/article.cls
Document Class: article 2014/09/29 v1.4h Standard LaTeX document class
(/usr/local/texlive/2016/texmf-dist/tex/latex/base/size10.clo
File: size10.clo 2014/09/29 v1.4h Standard LaTeX file (size option)
)
\c@part=\count79
\c@section=\count80
\c@subsection=\count81
\c@subsubsection=\count82
\c@paragraph=\count83
\c@subparagraph=\count84
\c@figure=\count85
\c@table=\count86
\abovecaptionskip=\skip41
\belowcaptionskip=\skip42
\bibindent=\dimen102
) (./Anthro.aux)
\openout1 = `Anthro.aux'.

LaTeX Font Info:    Checking defaults for OML/cmm/m/it on input line 3.
LaTeX Font Info:    ... okay on input line 3.
LaTeX Font Info:    Checking defaults for T1/cmr/m/n on input line 3.
LaTeX Font Info:    ... okay on input line 3.
LaTeX Font Info:    Checking defaults for OT1/cmr/m/n on input line 3.
LaTeX Font Info:    ... okay on input line 3.
LaTeX Font Info:    Checking defaults for OMS/cmsy/m/n on input line 3.
LaTeX Font Info:    ... okay on input line 3.
LaTeX Font Info:    Checking defaults for OMX/cmex/m/n on input line 3.
LaTeX Font Info:    ... okay on input line 3.
LaTeX Font Info:    Checking defaults for U/cmr/m/n on input line 3.
LaTeX Font Info:    ... okay on input line 3.

(./Anthro.toc
LaTeX Font Info:    External font `cmex10' loaded for size
(Font)              <7> on input line 2.
LaTeX Font Info:    External font `cmex10' loaded for size
(Font)              <5> on input line 2.

Overfull \hbox (1.25063pt too wide) in paragraph at lines 27--27
 [][] []\OT1/cmr/m/n/10 Cultural Pt-terns and Norms Cre-ate Bod-ily Forms - Cul
-ture Makes 
 []

[1

{/usr/local/texlive/2016/texmf-var/fonts/map/pdftex/updmap/pdftex.map}])
\tf@toc=\write3
\openout3 = `Anthro.toc'.


[2]
LaTeX Font Info:    Try loading font information for OMS+cmr on input line 16.
 (/usr/local/texlive/2016/texmf-dist/tex/latex/base/omscmr.fd
File: omscmr.fd 2014/09/29 v2.5h Standard LaTeX font definitions
)
LaTeX Font Info:    Font shape `OMS/cmr/m/n' in size <10> not available
(Font)              Font shape `OMS/cmsy/m/n' tried instead on input line 16.

Underfull \hbox (badness 10000) in paragraph at lines 20--23

 []

[3]
Underfull \hbox (badness 10000) in paragraph at lines 39--42

 []

[4]
Underfull \hbox (badness 10000) in paragraph at lines 65--68

 []


Underfull \hbox (badness 10000) in paragraph at lines 65--68

 []

[5]
Underfull \hbox (badness 10000) in paragraph at lines 85--87

 []

[6]
Underfull \hbox (badness 10000) in paragraph at lines 89--91

 []


Underfull \hbox (badness 10000) in paragraph at lines 93--95

 []


Underfull \hbox (badness 10000) in paragraph at lines 97--101

 []

[7]
Underfull \hbox (badness 10000) in paragraph at lines 103--106

 []


Underfull \hbox (badness 10000) in paragraph at lines 103--106

 []


Underfull \hbox (badness 10000) in paragraph at lines 108--111

 []


Underfull \hbox (badness 10000) in paragraph at lines 108--111

 []

[8]
Underfull \hbox (badness 10000) in paragraph at lines 130--133

 []

[9]
Underfull \hbox (badness 10000) in paragraph at lines 165--171

 []

[10]
Underfull \hbox (badness 10000) in paragraph at lines 173--179

 []

[11]
Underfull \hbox (badness 10000) in paragraph at lines 192--194

 []


Underfull \hbox (badness 10000) in paragraph at lines 196--200

 []


Underfull \hbox (badness 10000) in paragraph at lines 196--200

 []


Underfull \hbox (badness 10000) in paragraph at lines 205--206

 []

[12]
Underfull \hbox (badness 10000) in paragraph at lines 215--216

 []


Underfull \hbox (badness 10000) in paragraph at lines 219--220

 []

[13]
Overfull \hbox (3.04697pt too wide) in paragraph at lines 228--234
\OT1/cmr/m/n/10 Parole/Individual: how a given speaker uses the lan-guge. But L
angue/Collective:
 []

[14] (./Anthro.aux) ) 
Here is how much of TeX's memory you used:
 232 strings out of 493014
 2615 string characters out of 6133351
 60601 words of memory out of 5000000
 3852 multiletter control sequences out of 15000+600000
 5158 words of font info for 19 fonts, out of 8000000 for 9000
 1141 hyphenation exceptions out of 8191
 23i,4n,19p,597b,146s stack positions out of 5000i,500n,10000p,200000b,80000s
</usr/local/texlive/2016/texmf-dist/fonts/type1/public/ams
fonts/cm/cmbx10.pfb></usr/local/texlive/2016/texmf-dist/fonts/type1/public/amsf
onts/cm/cmbx12.pfb></usr/local/texlive/2016/texmf-dist/fonts/type1/public/amsfo
nts/cm/cmr10.pfb></usr/local/texlive/2016/texmf-dist/fonts/type1/public/amsfont
s/cm/cmsy10.pfb>
Output written on Anthro.pdf (14 pages, 99567 bytes).
PDF statistics:
 66 PDF objects out of 1000 (max. 8388607)
 45 compressed objects within 1 object stream
 0 named destinations out of 1000 (max. 500000)
 1 words of extra memory for PDF output out of 10000 (max. 10000000)

